<?xml version="1.0" encoding="UTF-8"?>
<testng-results ignored="0" total="3" passed="3" failed="0" skipped="0">
  <reporter-output>
  </reporter-output>
  <suite started-at="2024-11-15T10:30:29 IST" name="Default suite" finished-at="2024-11-15T10:30:54 IST" duration-ms="25568">
    <groups>
      <group name="cucumber">
        <method signature="AbstractTestNGCucumberTests.runScenario(io.cucumber.testng.PickleWrapper,io.cucumber.testng.FeatureWrapper)[pri:0, instance:Runners.GooglePageRunner@536f2a7e]" name="runScenario" class="io.cucumber.testng.AbstractTestNGCucumberTests"/>
      </group> <!-- cucumber -->
    </groups>
    <test started-at="2024-11-15T10:30:29 IST" name="Default test" finished-at="2024-11-15T10:30:54 IST" duration-ms="25568">
      <class name="Runners.GooglePageRunner">
        <test-method is-config="true" signature="setUpClass(org.testng.ITestContext)[pri:0, instance:Runners.GooglePageRunner@536f2a7e]" started-at="2024-11-15T10:30:29 IST" name="setUpClass" finished-at="2024-11-15T10:30:30 IST" duration-ms="1378" status="PASS">
          <params>
            <param index="0">
              <value>
                <![CDATA[org.testng.TestRunner@549ac12c]]>
              </value>
            </param>
          </params>
          <reporter-output>
          </reporter-output>
        </test-method> <!-- setUpClass -->
        <test-method signature="runScenario(io.cucumber.testng.PickleWrapper,io.cucumber.testng.FeatureWrapper)[pri:0, instance:Runners.GooglePageRunner@536f2a7e]" started-at="2024-11-15T10:30:30 IST" name="runScenario" description="Runs Cucumber Scenarios" data-provider="scenarios" finished-at="2024-11-15T10:30:39 IST" duration-ms="8364" status="PASS">
          <params>
            <param index="0">
              <value>
                <![CDATA["java search"]]>
              </value>
            </param>
            <param index="1">
              <value>
                <![CDATA["Google page search functionality"]]>
              </value>
            </param>
          </params>
          <reporter-output>
          </reporter-output>
        </test-method> <!-- runScenario -->
        <test-method signature="runScenario(io.cucumber.testng.PickleWrapper,io.cucumber.testng.FeatureWrapper)[pri:0, instance:Runners.GooglePageRunner@536f2a7e]" started-at="2024-11-15T10:30:39 IST" name="runScenario" description="Runs Cucumber Scenarios" data-provider="scenarios" finished-at="2024-11-15T10:30:42 IST" duration-ms="3826" status="PASS">
          <params>
            <param index="0">
              <value>
                <![CDATA["selenium search"]]>
              </value>
            </param>
            <param index="1">
              <value>
                <![CDATA["Google page search functionality"]]>
              </value>
            </param>
          </params>
          <reporter-output>
          </reporter-output>
        </test-method> <!-- runScenario -->
        <test-method signature="runScenario(io.cucumber.testng.PickleWrapper,io.cucumber.testng.FeatureWrapper)[pri:0, instance:Runners.GooglePageRunner@536f2a7e]" started-at="2024-11-15T10:30:42 IST" name="runScenario" description="Runs Cucumber Scenarios" data-provider="scenarios" finished-at="2024-11-15T10:30:53 IST" duration-ms="11018" status="PASS">
          <params>
            <param index="0">
              <value>
                <![CDATA["Valid Login"]]>
              </value>
            </param>
            <param index="1">
              <value>
                <![CDATA["User Login"]]>
              </value>
            </param>
          </params>
          <reporter-output>
          </reporter-output>
        </test-method> <!-- runScenario -->
        <test-method is-config="true" signature="tearDownClass()[pri:0, instance:Runners.GooglePageRunner@536f2a7e]" started-at="2024-11-15T10:30:53 IST" name="tearDownClass" finished-at="2024-11-15T10:30:54 IST" duration-ms="882" status="PASS">
          <reporter-output>
          </reporter-output>
        </test-method> <!-- tearDownClass -->
      </class> <!-- Runners.GooglePageRunner -->
    </test> <!-- Default test -->
  </suite> <!-- Default suite -->
</testng-results>
